<?xml version="1.0" encoding="UTF-8"?>
<!-- Generated by org.testng.reporters.JUnitReportReporter -->
<testsuite hostname="DESKTOP-832683M" failures="0" tests="1" name="apr5.VerifyTtle2" time="23.183" errors="0" timestamp="2024-04-09T16:45:22 IST" skipped="0">
  <testcase classname="apr5.VerifyTtle2" name="startTest" time="23.183"/>
  <system-out>
    <![CDATA[Title is not matching expected [true] but found [false]]]>
  </system-out>
</testsuite> <!-- apr5.VerifyTtle2 -->
