<?xml version="1.0" encoding="UTF-8"?>
<!-- Generated by org.testng.reporters.JUnitReportReporter -->
<testsuite hostname="DESKTOP-832683M" failures="0" tests="1" name="apr5.VerifyTitle3" time="18.105" errors="0" timestamp="2024-04-09T16:44:08 IST" skipped="0">
  <testcase classname="apr5.VerifyTitle3" name="startTest" time="18.105"/>
  <system-out>
    <![CDATA[Title is  matching expected [true] but found [false]]]>
  </system-out>
</testsuite> <!-- apr5.VerifyTitle3 -->
