<?xml version="1.0" encoding="UTF-8"?>
<!-- Generated by org.testng.reporters.JUnitReportReporter -->
<testsuite hostname="DESKTOP-832683M" failures="0" tests="4" name="apr4.Using_Dataprovider" time="26.372" errors="0" timestamp="2024-04-07T23:07:02 IST" skipped="0">
  <testcase classname="apr4.Using_Dataprovider" name="verify_login" time="2.632"/>
  <system-out>
    <![CDATA[Login is Faileddashboard       http://orangehrm.qedgetech.com/symfony/web/index.php/auth/validateCredentials]]>
  </system-out>
  <testcase classname="apr4.Using_Dataprovider" name="verify_login" time="19.264"/>
  <system-out>
    <![CDATA[Login is Sucessfulldashboard       http://orangehrm.qedgetech.com/symfony/web/index.php/dashboard]]>
  </system-out>
  <testcase classname="apr4.Using_Dataprovider" name="verify_login" time="1.897"/>
  <system-out>
    <![CDATA[Login is Faileddashboard       http://orangehrm.qedgetech.com/symfony/web/index.php/auth/validateCredentials]]>
  </system-out>
  <testcase classname="apr4.Using_Dataprovider" name="verify_login" time="2.579"/>
  <system-out>
    <![CDATA[Login is Faileddashboard       http://orangehrm.qedgetech.com/symfony/web/index.php/auth/validateCredentials]]>
  </system-out>
</testsuite> <!-- apr4.Using_Dataprovider -->
