<?xml version="1.0" encoding="UTF-8"?>
<!-- Generated by org.testng.reporters.JUnitReportReporter -->
<testsuite hostname="DESKTOP-832683M" failures="0" tests="1" name="apr5.VerifyTitle" time="15.309" errors="0" timestamp="2024-04-09T16:30:21 IST" skipped="0">
  <testcase classname="apr5.VerifyTitle" name="startTest" time="15.309"/>
  <system-out/>
</testsuite> <!-- apr5.VerifyTitle -->
