<?xml version="1.0" encoding="UTF-8"?>
<!-- Generated by org.testng.reporters.JUnitReportReporter -->
<testsuite hostname="DESKTOP-832683M" failures="0" tests="3" name="apr2.FirstClass" time="0.016" errors="0" timestamp="2024-04-07T15:28:46 IST" skipped="0">
  <testcase classname="apr2.FirstClass" name="login" time="0.005"/>
  <system-out>
    <![CDATA[Executing login test]]>
  </system-out>
  <testcase classname="apr2.FirstClass" name="compose" time="0.006"/>
  <system-out>
    <![CDATA[Executing compose test]]>
  </system-out>
  <testcase classname="apr2.FirstClass" name="reply" time="0.005"/>
  <system-out>
    <![CDATA[Executing reply test]]>
  </system-out>
</testsuite> <!-- apr2.FirstClass -->
