<?xml version="1.0" encoding="UTF-8"?>
<!-- Generated by org.testng.reporters.JUnitReportReporter -->
<testsuite hostname="DESKTOP-832683M" failures="0" tests="3" name="apr3.FirstTestNGClass" time="2.543" errors="0" timestamp="2024-04-07T15:28:46 IST" skipped="0">
  <testcase classname="apr3.FirstTestNGClass" name="ibanking" time="0.727"/>
  <system-out>
    <![CDATA[Executing ibanking test]]>
  </system-out>
  <testcase classname="apr3.FirstTestNGClass" name="pbanking" time="1.174"/>
  <system-out>
    <![CDATA[Executing pbanking test]]>
  </system-out>
  <testcase classname="apr3.FirstTestNGClass" name="cbanking" time="0.642"/>
  <system-out>
    <![CDATA[Executing cbanking test]]>
  </system-out>
</testsuite> <!-- apr3.FirstTestNGClass -->
