<?xml version="1.0" encoding="UTF-8"?>
<!-- Generated by org.testng.reporters.JUnitReportReporter -->
<testsuite hostname="DESKTOP-832683M" failures="0" tests="8" name="apr5.CrossBrowserTesting" time="38.320" errors="0" timestamp="2024-04-09T15:45:44 IST" skipped="0">
  <testcase classname="apr5.CrossBrowserTesting" name="verify_login" time="1.921"/>
  <system-out>
    <![CDATA[Login is Faileddashboard       http://orangehrm.qedgetech.com/symfony/web/index.php/auth/validateCredentials]]>
  </system-out>
  <testcase classname="apr5.CrossBrowserTesting" name="verify_login" time="2.099"/>
  <system-out>
    <![CDATA[Login is Faileddashboard       http://orangehrm.qedgetech.com/symfony/web/index.php/auth/validateCredentials]]>
  </system-out>
  <testcase classname="apr5.CrossBrowserTesting" name="verify_login" time="3.200"/>
  <system-out>
    <![CDATA[Login is Faileddashboard       http://orangehrm.qedgetech.com/symfony/web/index.php/auth/validateCredentials]]>
  </system-out>
  <testcase classname="apr5.CrossBrowserTesting" name="verify_login" time="12.906"/>
  <system-out>
    <![CDATA[Login is Sucessfulldashboard       http://orangehrm.qedgetech.com/symfony/web/index.php/dashboard]]>
  </system-out>
  <testcase classname="apr5.CrossBrowserTesting" name="verify_login" time="11.438"/>
  <system-out>
    <![CDATA[Login is Sucessfulldashboard       http://orangehrm.qedgetech.com/symfony/web/index.php/dashboard]]>
  </system-out>
  <testcase classname="apr5.CrossBrowserTesting" name="verify_login" time="2.645"/>
  <system-out>
    <![CDATA[Login is Faileddashboard       http://orangehrm.qedgetech.com/symfony/web/index.php/auth/validateCredentials]]>
  </system-out>
  <testcase classname="apr5.CrossBrowserTesting" name="verify_login" time="1.883"/>
  <system-out>
    <![CDATA[Login is Faileddashboard       http://orangehrm.qedgetech.com/symfony/web/index.php/auth/validateCredentials]]>
  </system-out>
  <testcase classname="apr5.CrossBrowserTesting" name="verify_login" time="2.228"/>
  <system-out>
    <![CDATA[Login is Faileddashboard       http://orangehrm.qedgetech.com/symfony/web/index.php/auth/validateCredentials]]>
  </system-out>
</testsuite> <!-- apr5.CrossBrowserTesting -->
