<?xml version="1.0" encoding="UTF-8"?>
<!-- Generated by org.testng.reporters.JUnitReportReporter -->
<testsuite hostname="DESKTOP-832683M" failures="0" tests="1" name="apr18.PropertyFile" time="18.565" errors="0" timestamp="2024-04-21T21:56:53 IST" skipped="0">
  <testcase classname="apr18.PropertyFile" name="startTest" time="18.565"/>
  <system-out/>
</testsuite> <!-- apr18.PropertyFile -->
