<?xml version="1.0" encoding="UTF-8"?>
<!-- Generated by org.testng.reporters.JUnitReportReporter -->
<testsuite hostname="DESKTOP-832683M" failures="0" tests="7" name="apr3.SecondTestNgClass" time="86.910" errors="0" timestamp="2024-04-07T15:28:46 IST" skipped="1">
  <testcase classname="apr3.SecondTestNgClass" name="Leave" time="13.982"/>
  <system-out>
    <![CDATA[Executing Leave test]]>
  </system-out>
  <testcase classname="apr3.SecondTestNgClass" name="Admin" time="14.652"/>
  <system-out>
    <![CDATA[Executing Admin test]]>
  </system-out>
  <testcase classname="apr3.SecondTestNgClass" name="Admin" time="13.825"/>
  <system-out>
    <![CDATA[Executing Admin test]]>
  </system-out>
  <testcase classname="apr3.SecondTestNgClass" name="Admin" time="15.203"/>
  <system-out>
    <![CDATA[Executing Admin test]]>
  </system-out>
  <testcase classname="apr3.SecondTestNgClass" name="Admin" time="14.095"/>
  <system-out>
    <![CDATA[Executing Admin test]]>
  </system-out>
  <testcase classname="apr3.SecondTestNgClass" name="Admin" time="15.153"/>
  <system-out>
    <![CDATA[Executing Admin test]]>
  </system-out>
  <testcase classname="apr3.SecondTestNgClass" name="PIM">
    <skipped/>
  </testcase> <!-- PIM -->
  <system-out/>
</testsuite> <!-- apr3.SecondTestNgClass -->
